app/build/intermediates/manifest_merge_blame_file/release/manifest-merger-blame-release-report.txt
1<?xml version="1.0" encoding="utf-8"?>
2<manifest xmlns:android="http://schemas.android.com/apk/res/android"
3    package="net.zygotelabs.locker"
4    android:versionCode="12"
5    android:versionName="1.2.0" >
6
7    <uses-sdk
8        android:minSdkVersion="21"
8-->src\main\AndroidManifest.xml
9        android:targetSdkVersion="34" />
9-->src\main\AndroidManifest.xml
10
11    <permission
11-->[androidx.core:core:1.10.1] AndroidManifest.xml:22:5-24:47
12        android:name="net.zygotelabs.locker.DYNAMIC_RECEIVER_NOT_EXPORTED_PERMISSION"
12-->[androidx.core:core:1.10.1] AndroidManifest.xml:23:9-81
13        android:protectionLevel="signature" />
13-->[androidx.core:core:1.10.1] AndroidManifest.xml:24:9-44
14
15    <uses-permission android:name="net.zygotelabs.locker.DYNAMIC_RECEIVER_NOT_EXPORTED_PERMISSION" />
15-->[androidx.core:core:1.10.1] AndroidManifest.xml:26:5-97
15-->[androidx.core:core:1.10.1] AndroidManifest.xml:26:22-94
16
17    <application
17-->src\main\AndroidManifest.xml:3:5-29:19
18        android:allowBackup="true"
18-->src\main\AndroidManifest.xml:4:9-35
19        android:appComponentFactory="androidx.core.app.CoreComponentFactory"
19-->[androidx.core:core:1.10.1] AndroidManifest.xml:28:18-86
20        android:icon="@drawable/ic_launcher"
20-->src\main\AndroidManifest.xml:5:9-45
21        android:label="@string/app_name"
21-->src\main\AndroidManifest.xml:6:9-41
22        android:theme="@style/Theme.Locker" >
22-->src\main\AndroidManifest.xml:7:9-44
23        <activity
23-->src\main\AndroidManifest.xml:8:9-15:20
24            android:name="net.zygotelabs.locker.MainActivity"
24-->src\main\AndroidManifest.xml:9:13-41
25            android:exported="true" >
25-->src\main\AndroidManifest.xml:10:13-36
26            <intent-filter>
26-->src\main\AndroidManifest.xml:11:13-14:29
27                <action android:name="android.intent.action.MAIN" />
27-->src\main\AndroidManifest.xml:12:17-69
27-->src\main\AndroidManifest.xml:12:25-66
28
29                <category android:name="android.intent.category.LAUNCHER" />
29-->src\main\AndroidManifest.xml:13:17-77
29-->src\main\AndroidManifest.xml:13:27-74
30            </intent-filter>
31        </activity>
32
33        <receiver
33-->src\main\AndroidManifest.xml:16:9-28:20
34            android:name="net.zygotelabs.locker.DeviceAdmin"
34-->src\main\AndroidManifest.xml:17:13-40
35            android:description="@string/device_admin_summary"
35-->src\main\AndroidManifest.xml:18:13-63
36            android:exported="true"
36-->src\main\AndroidManifest.xml:21:13-36
37            android:label="@string/device_admin"
37-->src\main\AndroidManifest.xml:19:13-49
38            android:permission="android.permission.BIND_DEVICE_ADMIN" >
38-->src\main\AndroidManifest.xml:20:13-70
39            <meta-data
39-->src\main\AndroidManifest.xml:22:13-24:65
40                android:name="android.app.device_admin"
40-->src\main\AndroidManifest.xml:23:17-56
41                android:resource="@xml/device_admin_policies" />
41-->src\main\AndroidManifest.xml:24:17-62
42
43            <intent-filter>
43-->src\main\AndroidManifest.xml:25:13-27:29
44                <action android:name="android.app.action.DEVICE_ADMIN_ENABLED" />
44-->src\main\AndroidManifest.xml:26:17-82
44-->src\main\AndroidManifest.xml:26:25-79
45            </intent-filter>
46        </receiver>
47
48        <provider
48-->[androidx.emoji2:emoji2:1.2.0] AndroidManifest.xml:24:9-32:20
49            android:name="androidx.startup.InitializationProvider"
49-->[androidx.emoji2:emoji2:1.2.0] AndroidManifest.xml:25:13-67
50            android:authorities="net.zygotelabs.locker.androidx-startup"
50-->[androidx.emoji2:emoji2:1.2.0] AndroidManifest.xml:26:13-68
51            android:exported="false" >
51-->[androidx.emoji2:emoji2:1.2.0] AndroidManifest.xml:27:13-37
52            <meta-data
52-->[androidx.emoji2:emoji2:1.2.0] AndroidManifest.xml:29:13-31:52
53                android:name="androidx.emoji2.text.EmojiCompatInitializer"
53-->[androidx.emoji2:emoji2:1.2.0] AndroidManifest.xml:30:17-75
54                android:value="androidx.startup" />
54-->[androidx.emoji2:emoji2:1.2.0] AndroidManifest.xml:31:17-49
55            <meta-data
55-->[androidx.lifecycle:lifecycle-process:2.4.1] AndroidManifest.xml:31:13-33:52
56                android:name="androidx.lifecycle.ProcessLifecycleInitializer"
56-->[androidx.lifecycle:lifecycle-process:2.4.1] AndroidManifest.xml:32:17-78
57                android:value="androidx.startup" />
57-->[androidx.lifecycle:lifecycle-process:2.4.1] AndroidManifest.xml:33:17-49
58        </provider>
59
60        <uses-library
60-->[androidx.window:window:1.0.0] AndroidManifest.xml:25:9-27:40
61            android:name="androidx.window.extensions"
61-->[androidx.window:window:1.0.0] AndroidManifest.xml:26:13-54
62            android:required="false" />
62-->[androidx.window:window:1.0.0] AndroidManifest.xml:27:13-37
63        <uses-library
63-->[androidx.window:window:1.0.0] AndroidManifest.xml:28:9-30:40
64            android:name="androidx.window.sidecar"
64-->[androidx.window:window:1.0.0] AndroidManifest.xml:29:13-51
65            android:required="false" />
65-->[androidx.window:window:1.0.0] AndroidManifest.xml:30:13-37
66    </application>
67
68</manifest>